[debug] [2022-09-30T13:17:58.464Z] ----------------------------------------------------------------------
[debug] [2022-09-30T13:17:58.466Z] Command:       C:\Program Files\nodejs\node.exe C:\Program Files\nodejs\node_modules\firebase-tools\lib\bin\firebase.js init
[debug] [2022-09-30T13:17:58.466Z] CLI Version:   11.0.1
[debug] [2022-09-30T13:17:58.466Z] Platform:      win32
[debug] [2022-09-30T13:17:58.466Z] Node Version:  v16.13.1
[debug] [2022-09-30T13:17:58.467Z] Time:          Fri Sep 30 2022 10:17:58 GMT-0300 (Horário Padrão de Brasília)
[debug] [2022-09-30T13:17:58.468Z] ----------------------------------------------------------------------
[debug] 
[debug] [2022-09-30T13:17:58.476Z] > command requires scopes: ["email","openid","https://www.googleapis.com/auth/cloudplatformprojects.readonly","https://www.googleapis.com/auth/firebase","https://www.googleapis.com/auth/cloud-platform"]
[debug] [2022-09-30T13:17:58.476Z] > authorizing via signed-in user (raphaelramalho1989@gmail.com)
[info] 
     ######## #### ########  ######## ########     ###     ######  ########
     ##        ##  ##     ## ##       ##     ##  ##   ##  ##       ##
     ######    ##  ########  ######   ########  #########  ######  ######
     ##        ##  ##    ##  ##       ##     ## ##     ##       ## ##
     ##       #### ##     ## ######## ########  ##     ##  ######  ########

You're about to initialize a Firebase project in this directory:

  C:\Users\raphael2000840\Documents\python\chatdark

[info] 
=== Project Setup
[info] 
[info] First, let's associate this project directory with a Firebase project.
[info] You can create multiple project aliases by running firebase use --add, 
[info] but for now we'll just set up a default project.
[info] 
[debug] [2022-09-30T13:18:12.405Z] >>> [apiv2][query] GET https://firebase.googleapis.com/v1beta1/projects pageSize=100
[debug] [2022-09-30T13:18:13.572Z] <<< [apiv2][status] GET https://firebase.googleapis.com/v1beta1/projects 200
[debug] [2022-09-30T13:18:13.572Z] <<< [apiv2][body] GET https://firebase.googleapis.com/v1beta1/projects [omitted]
[info] i  Using project backendfaculdade (BackendFaculdade) 
[info] 
=== Hosting Setup
[info] 
[info] Your public directory is the folder (relative to your project directory) that
[info] will contain Hosting assets to be uploaded with firebase deploy. If you
[info] have a build process for your assets, use your build's output directory.
[info] 
